Added Parameter Fabricant=Farnell to Part C1
Added Parameter Fabricant=Farnell to Part C2
Added Parameter Fabricant=Farnell to Part C3
Added Parameter Fabricant=Farnell to Part C4
Added Parameter Fabricant=Farnell to Part C5
Added Parameter Fabricant=Farnell to Part C6
Added Parameter Fabricant=Farnell to Part C7
Added Parameter Fabricant=Farnell to Part C8
Added Parameter Fabricant=Farnell to Part C9
Added Parameter Fabricant=Farnell to Part C10
Added Parameter Fabricant=Farnell to Part J1
Added Parameter Fabricant=Farnell to Part R3
Added Parameter Fabricant=Farnell to Part U1
Added Parameter Fabricant=Farnell to Part Y1
Added Parameter ref.fournisseur= to Part C1
Added Parameter ref.fournisseur= to Part C2
Added Parameter ref.fournisseur= to Part C3
Added Parameter ref.fournisseur= to Part C4
Added Parameter ref.fournisseur= to Part C5
Added Parameter ref.fournisseur= to Part C6
Added Parameter ref.fournisseur= to Part C7
Added Parameter ref.fournisseur= to Part C8
Added Parameter ref.fournisseur= to Part C9
Added Parameter ref.fournisseur= to Part C10
Added Parameter ref.fournisseur= to Part J1
Added Parameter ref.fournisseur= to Part R3
Added Parameter ref.fournisseur= to Part U1
Added Parameter ref.fournisseur= to Part Y1
