Change Value of Parameter ref.fournisseur in Part Y1 Old=Farnell New=
Change Component Parameter Footprint in C1 Old=RAD-0.3 New=CAPC1608N
Change Value of Parameter ref.fournisseur in Part Y1 Old=Farnell New=
Change Component Parameter Footprint in C2 Old=RAD-0.3 New=CAPC1608N
Change Value of Parameter ref.fournisseur in Part Y1 Old=Farnell New=
Change Component Parameter Footprint in C3 Old=RAD-0.3 New=CAPC1608N
Change Value of Parameter ref.fournisseur in Part Y1 Old=Farnell New=
Change Component Parameter Footprint in C4 Old=RAD-0.3 New=CAPC1608N
Change Value of Parameter ref.fournisseur in Part Y1 Old=Farnell New=
Change Component Parameter Footprint in C5 Old=RAD-0.3 New=CAPC1608N
Change Value of Parameter ref.fournisseur in Part Y1 Old=Farnell New=
Change Component Parameter Footprint in C6 Old=RAD-0.3 New=CAPC1608N
Change Value of Parameter ref.fournisseur in Part Y1 Old=Farnell New=
Change Component Parameter Footprint in C7 Old=RAD-0.3 New=CAPC1608N
Change Value of Parameter ref.fournisseur in Part Y1 Old=Farnell New=
Change Component Parameter Footprint in C8 Old=RAD-0.3 New=CAPC1608N
Change Component Parameter Comment in C9 Old= New=10uF 6.3V
Change Value of Parameter ref.fournisseur in Part Y1 Old=Farnell New=
Change Component Parameter Footprint in C9 Old=RAD-0.3 New=CAPC2012N
Change Value of Parameter ref.fournisseur in Part Y1 Old= New=2309029
Change Component Parameter Comment in C10 Old= New=1uF 6.3V
Change Value of Parameter ref.fournisseur in Part Y1 Old=Farnell New=
Change Component Parameter Footprint in C10 Old=RAD-0.3 New=CAPC1608N
Change Value of Parameter ref.fournisseur in Part Y1 Old= New=2309029
Change Value of Parameter ref.fournisseur in Part Y1 Old=Farnell New=
Change Component Parameter Footprint in J1 Old=HDR1X6 New=RJ12_90
Change Value of Parameter ref.fournisseur in Part Y1 Old= New=1773039
Change Value of Parameter ref.fournisseur in Part Y1 Old=Farnell New=
Change Component Parameter Footprint in R3 Old=AXIAL-0.3 New=RESC1608N
Change Component Parameter Description in U1 Old= New=PIC32MX764F128H
Change Value of Parameter ref.fournisseur in Part Y1 Old=Farnell New=
Change Component Parameter Footprint in U1 Old= New=QFP50P1200X1200X120-64
Change Value of Parameter ref.fournisseur in Part Y1 Old= New=1971889
Change Value of Parameter ref.fournisseur in Part Y1 Old=Farnell New=
Change Component Parameter Footprint in Y1 Old=R38 New=HC49/4H SMX CRYSTAL
Change Value of Parameter ref.fournisseur in Part Y1 Old= New=2063972
Change Value of Parameter Fournisseur in Part Y1 Old=Fabricant New=Fournisseur
Change Value of Parameter RefFournisseur in Part Y1 Old=ref.fournisseur New=RefFournisseur
Change Value of Parameter Fournisseur in Part Y1 Old=Fabricant New=Fournisseur
Change Value of Parameter RefFournisseur in Part Y1 Old=ref.fournisseur New=RefFournisseur
Change Value of Parameter Fournisseur in Part Y1 Old=Fabricant New=Fournisseur
Change Value of Parameter RefFournisseur in Part Y1 Old=ref.fournisseur New=RefFournisseur
Change Value of Parameter Fournisseur in Part Y1 Old=Fabricant New=Fournisseur
Change Value of Parameter RefFournisseur in Part Y1 Old=ref.fournisseur New=RefFournisseur
Change Value of Parameter Fournisseur in Part Y1 Old=Fabricant New=Fournisseur
Change Value of Parameter RefFournisseur in Part Y1 Old=ref.fournisseur New=RefFournisseur
Change Value of Parameter Fournisseur in Part Y1 Old=Fabricant New=Fournisseur
Change Value of Parameter RefFournisseur in Part Y1 Old=ref.fournisseur New=RefFournisseur
Change Value of Parameter Fournisseur in Part Y1 Old=Fabricant New=Fournisseur
Change Value of Parameter RefFournisseur in Part Y1 Old=ref.fournisseur New=RefFournisseur
Change Value of Parameter Fournisseur in Part Y1 Old=Fabricant New=Fournisseur
Change Value of Parameter RefFournisseur in Part Y1 Old=ref.fournisseur New=RefFournisseur
Change Value of Parameter Fournisseur in Part Y1 Old=Fabricant New=Fournisseur
Change Value of Parameter RefFournisseur in Part Y1 Old=ref.fournisseur New=RefFournisseur
Change Value of Parameter Fournisseur in Part Y1 Old=Fabricant New=Fournisseur
Change Value of Parameter RefFournisseur in Part Y1 Old=ref.fournisseur New=RefFournisseur
Change Value of Parameter Fournisseur in Part Y1 Old=Fabricant New=Fournisseur
Change Value of Parameter RefFournisseur in Part Y1 Old=ref.fournisseur New=RefFournisseur
Change Value of Parameter Fournisseur in Part Y1 Old=Fabricant New=Fournisseur
Change Value of Parameter RefFournisseur in Part Y1 Old=ref.fournisseur New=RefFournisseur
Change Value of Parameter Fournisseur in Part Y1 Old=Fabricant New=Fournisseur
Change Value of Parameter RefFournisseur in Part Y1 Old=ref.fournisseur New=RefFournisseur
Change Value of Parameter Fournisseur in Part Y1 Old=Fabricant New=Fournisseur
Change Value of Parameter RefFournisseur in Part Y1 Old=ref.fournisseur New=RefFournisseur
