Added Parameter Fabricant=Farnell to Part C11
Added Parameter Fabricant=Farnell to Part C12
Added Parameter Fabricant=Farnell to Part C13
Added Parameter Fabricant=Farnell to Part C14
Added Parameter Fabricant=Farnell to Part C15
Added Parameter Fabricant=Farnell to Part D2
Added Parameter Fabricant=Farnell to Part D3
Added Parameter Fabricant=Farnell to Part D4
Added Parameter Fabricant=Farnell to Part FB1
Added Parameter Fabricant=Farnell to Part P1
Added Parameter Fabricant=Farnell to Part P2
Added Parameter Fabricant=Farnell to Part R4
Added Parameter Fabricant=Farnell to Part U2
Added Parameter ref.fournisseur= to Part C11
Added Parameter ref.fournisseur= to Part C12
Added Parameter ref.fournisseur= to Part C13
Added Parameter ref.fournisseur= to Part C14
Added Parameter ref.fournisseur= to Part C15
Added Parameter ref.fournisseur= to Part D2
Added Parameter ref.fournisseur= to Part D3
Added Parameter ref.fournisseur= to Part D4
Added Parameter ref.fournisseur= to Part FB1
Added Parameter ref.fournisseur= to Part P1
Added Parameter ref.fournisseur= to Part P2
Added Parameter ref.fournisseur= to Part R4
Added Parameter ref.fournisseur= to Part U2
