Change Component Parameter Comment in C11 Old= New=10uF 6.3V
Change Value of Parameter ref.fournisseur in Part U2 Old=Farnell New=
Change Component Parameter Footprint in C11 Old=RAD-0.3 New=CAPC2012N
Change Value of Parameter ref.fournisseur in Part U2 Old= New=2309029
Change Component Parameter Comment in C12 Old= New=10uF 6.3V
Change Value of Parameter ref.fournisseur in Part U2 Old=Farnell New=
Change Component Parameter Footprint in C12 Old=RAD-0.3 New=CAPC2012N
Change Value of Parameter ref.fournisseur in Part U2 Old= New=2309029
Change Component Parameter Comment in C13 Old= New=10uF 6.3V
Change Value of Parameter ref.fournisseur in Part U2 Old=Farnell New=
Change Component Parameter Footprint in C13 Old=RAD-0.3 New=CAPC2012N
Change Value of Parameter ref.fournisseur in Part U2 Old= New=2309029
Change Component Parameter Comment in C14 Old= New=1uF 6.3V
Change Value of Parameter ref.fournisseur in Part U2 Old=Farnell New=
Change Component Parameter Footprint in C14 Old=RAD-0.3 New=CAPC1608N
Change Value of Parameter ref.fournisseur in Part U2 Old=Farnell New=
Change Component Parameter Footprint in C15 Old=RAD-0.3 New=CAPC1608N
Change Value of Parameter ref.fournisseur in Part U2 Old=Farnell New=
Change Component Parameter Footprint in D2 Old=SMC New=SMA/DO-214AC_21
Change Value of Parameter ref.fournisseur in Part U2 Old= New=9549560
Change Value of Parameter ref.fournisseur in Part U2 Old=Farnell New=
Change Component Parameter Footprint in D3 Old=SMC New=SMA/DO-214AC_21
Change Value of Parameter ref.fournisseur in Part U2 Old= New=9549560
Change Value of Parameter ref.fournisseur in Part U2 Old=Farnell New=
Change Component Parameter Footprint in D4 Old=LED-0 New=LED 0805
Change Value of Parameter ref.fournisseur in Part U2 Old= New=2099239
Change Value of Parameter ref.fournisseur in Part U2 Old=Farnell New=
Change Component Parameter Footprint in FB1 Old=0402-A New=INDC1608AN
Change Value of Parameter ref.fournisseur in Part U2 Old= New=1635706
Change Value of Parameter ref.fournisseur in Part U2 Old=Farnell New=
Change Component Parameter Footprint in P1 Old=HDR1X2 New=PHOENIX_1985195
Change Value of Parameter ref.fournisseur in Part U2 Old= New=1792769
Change Value of Parameter ref.fournisseur in Part U2 Old=Farnell New=
Change Component Parameter Footprint in P2 Old=HDR1X2 New=PHOENIX_1985195
Change Value of Parameter ref.fournisseur in Part U2 Old= New=1792769
Change Value of Parameter ref.fournisseur in Part U2 Old=Farnell New=
Change Component Parameter Footprint in R4 Old=AXIAL-0.3 New=RESC1608N
Change Component Parameter Description in U2 Old= New=1A LDO, 18V input, DPAK
Change Value of Parameter ref.fournisseur in Part U2 Old=Farnell New=
Change Component Parameter Footprint in U2 Old= New=TD03B_N
Change Value of Parameter ref.fournisseur in Part U2 Old= New=1825285
Change Value of Parameter Fournisseur in Part U2 Old=Fabricant New=Fournisseur
Change Value of Parameter RefFournisseur in Part U2 Old=ref.fournisseur New=RefFournisseur
Change Value of Parameter Fournisseur in Part U2 Old=Fabricant New=Fournisseur
Change Value of Parameter RefFournisseur in Part U2 Old=ref.fournisseur New=RefFournisseur
Change Value of Parameter Fournisseur in Part U2 Old=Fabricant New=Fournisseur
Change Value of Parameter RefFournisseur in Part U2 Old=ref.fournisseur New=RefFournisseur
Change Value of Parameter Fournisseur in Part U2 Old=Fabricant New=Fournisseur
Change Value of Parameter RefFournisseur in Part U2 Old=ref.fournisseur New=RefFournisseur
Change Value of Parameter Fournisseur in Part U2 Old=Fabricant New=Fournisseur
Change Value of Parameter RefFournisseur in Part U2 Old=ref.fournisseur New=RefFournisseur
Change Value of Parameter Fournisseur in Part U2 Old=Fabricant New=Fournisseur
Change Value of Parameter RefFournisseur in Part U2 Old=ref.fournisseur New=RefFournisseur
Change Value of Parameter Fournisseur in Part U2 Old=Fabricant New=Fournisseur
Change Value of Parameter RefFournisseur in Part U2 Old=ref.fournisseur New=RefFournisseur
Change Value of Parameter Fournisseur in Part U2 Old=Fabricant New=Fournisseur
Change Value of Parameter RefFournisseur in Part U2 Old=ref.fournisseur New=RefFournisseur
Change Value of Parameter Fournisseur in Part U2 Old=Fabricant New=Fournisseur
Change Value of Parameter RefFournisseur in Part U2 Old=ref.fournisseur New=RefFournisseur
Change Value of Parameter Fournisseur in Part U2 Old=Fabricant New=Fournisseur
Change Value of Parameter RefFournisseur in Part U2 Old=ref.fournisseur New=RefFournisseur
Change Value of Parameter Fournisseur in Part U2 Old=Fabricant New=Fournisseur
Change Value of Parameter RefFournisseur in Part U2 Old=ref.fournisseur New=RefFournisseur
Change Value of Parameter Fournisseur in Part U2 Old=Fabricant New=Fournisseur
Change Value of Parameter RefFournisseur in Part U2 Old=ref.fournisseur New=RefFournisseur
Change Value of Parameter Fournisseur in Part U2 Old=Fabricant New=Fournisseur
Change Value of Parameter RefFournisseur in Part U2 Old=ref.fournisseur New=RefFournisseur
