Added Component: Designator=C1(CAPC1608N)
Added Component: Designator=C2(CAPC1608N)
Added Component: Designator=C3(CAPC1608N)
Added Component: Designator=C4(CAPC1608N)
Added Component: Designator=C5(CAPC1608N)
Added Component: Designator=C6(CAPC1608N)
Added Component: Designator=C7(CAPC1608N)
Added Component: Designator=C8(CAPC1608N)
Added Component: Designator=C9(CAPC2012N)
Added Component: Designator=C10(CAPC1608N)
Added Component: Designator=C11(CAPC2012N)
Added Component: Designator=C12(CAPC2012N)
Added Component: Designator=C13(CAPC2012N)
Added Component: Designator=C14(CAPC1608N)
Added Component: Designator=C15(CAPC1608N)
Added Component: Designator=D1_LED0(LED 0805)
Added Component: Designator=D1_LED1(LED 0805)
Added Component: Designator=D1_LED2(LED 0805)
Added Component: Designator=D1_LED3(LED 0805)
Added Component: Designator=D4(LED 0805)
Added Component: Designator=J1(RJ12_90)
Added Component: Designator=P1(PHOENIX_1985195)
Added Component: Designator=P2(PHOENIX_1985195)
Added Component: Designator=R1(PDB181-K415K-102A2)
Added Pin To Net: NetName=GND Pin=C1-1
Added Pin To Net: NetName=V3P3 Pin=C1-2
Added Pin To Net: NetName=GND Pin=C2-1
Added Pin To Net: NetName=V3P3 Pin=C2-2
Added Pin To Net: NetName=GND Pin=C3-1
Added Pin To Net: NetName=V3P3 Pin=C3-2
Added Pin To Net: NetName=GND Pin=C4-1
Added Pin To Net: NetName=V3P3 Pin=C4-2
Added Pin To Net: NetName=GND Pin=C5-1
Added Pin To Net: NetName=V3P3 Pin=C5-2
Added Pin To Net: NetName=GND Pin=C6-1
Added Pin To Net: NetName=V3P3A Pin=C6-2
Added Pin To Net: NetName=GND Pin=C7-1
Added Pin To Net: NetName=X1 Pin=C7-2
Added Pin To Net: NetName=GND Pin=C8-1
Added Pin To Net: NetName=X2 Pin=C8-2
Added Pin To Net: NetName=GND Pin=C9-1
Added Pin To Net: NetName=NetC9_2 Pin=C9-2
Added Pin To Net: NetName=GND Pin=C10-1
Added Pin To Net: NetName=NetC9_2 Pin=C10-2
Added Pin To Net: NetName=GND Pin=C11-1
Added Pin To Net: NetName=V5 Pin=C11-2
Added Pin To Net: NetName=V5 Pin=C12-1
Added Pin To Net: NetName=GND Pin=C12-2
Added Pin To Net: NetName=V3P3 Pin=C13-1
Added Pin To Net: NetName=GND Pin=C13-2
Added Pin To Net: NetName=GND Pin=C14-1
Added Pin To Net: NetName=V3P3 Pin=C14-2
Added Pin To Net: NetName=GND Pin=C15-1
Added Pin To Net: NetName=V3P3A Pin=C15-2
Added Pin To Net: NetName=NetD1_LED0_1 Pin=D1_LED0-1
Added Pin To Net: NetName=GND Pin=D1_LED0-2
Added Pin To Net: NetName=NetD1_LED1_1 Pin=D1_LED1-1
Added Pin To Net: NetName=GND Pin=D1_LED1-2
Added Pin To Net: NetName=NetD1_LED2_1 Pin=D1_LED2-1
Added Pin To Net: NetName=GND Pin=D1_LED2-2
Added Pin To Net: NetName=NetD1_LED3_1 Pin=D1_LED3-1
Added Pin To Net: NetName=GND Pin=D1_LED3-2
Added Pin To Net: NetName=NetD4_1 Pin=D4-1
Added Pin To Net: NetName=GND Pin=D4-2
Added Pin To Net: NetName=MCLR Pin=J1-1
Added Pin To Net: NetName=V3P3 Pin=J1-2
Added Pin To Net: NetName=GND Pin=J1-3
Added Pin To Net: NetName=PGD Pin=J1-4
Added Pin To Net: NetName=PGC Pin=J1-5
Added Pin To Net: NetName=ALIM Pin=P1-1
Added Pin To Net: NetName=GND Pin=P1-2
Added Pin To Net: NetName=BATTERY Pin=P2-1
Added Pin To Net: NetName=GND Pin=P2-2
Added Pin To Net: NetName=V3P3A Pin=R1-1
Added Pin To Net: NetName=NetR1_2 Pin=R1-2
Added Pin To Net: NetName=VCC Pin=R1-3
Added Member To Class: ClassName=PIC Member=Component C1 100nF
Added Member To Class: ClassName=PIC Member=Component C2 100nF
Added Member To Class: ClassName=PIC Member=Component C3 100nF
Added Member To Class: ClassName=PIC Member=Component C4 100nF
Added Member To Class: ClassName=PIC Member=Component C5 100nF
Added Member To Class: ClassName=PIC Member=Component C6 100nF
Added Member To Class: ClassName=PIC Member=Component C7 20pF
Added Member To Class: ClassName=PIC Member=Component C8 20pF
Added Member To Class: ClassName=PIC Member=Component C9 10uF 6.3V
Added Member To Class: ClassName=PIC Member=Component C10 1uF 6.3V
Added Member To Class: ClassName=POWER Member=Component C11 10uF 6.3V
Added Member To Class: ClassName=POWER Member=Component C12 10uF 6.3V
Added Member To Class: ClassName=POWER Member=Component C13 10uF 6.3V
Added Member To Class: ClassName=POWER Member=Component C14 1uF 6.3V
Added Member To Class: ClassName=POWER Member=Component C15 100nF
Added Member To Class: ClassName=LED0 Member=Component D1_LED0 (D1) Green LED
Added Member To Class: ClassName=LED1 Member=Component D1_LED1 (D1) Green LED
Added Member To Class: ClassName=LED2 Member=Component D1_LED2 (D1) Green LED
Added Member To Class: ClassName=LED3 Member=Component D1_LED3 (D1) Green LED
Added Member To Class: ClassName=POWER Member=Component D4 Green LED
Added Member To Class: ClassName=PIC Member=Component J1 Program / Debug
Added Member To Class: ClassName=POWER Member=Component P1 12V Main
Added Member To Class: ClassName=POWER Member=Component P2 12V Battery
Added Member To Class: ClassName=TP2 Member=Component R1 1K
Added Room: Name=LED0
Added Room: Name=LED1
Added Room: Name=LED2
Added Room: Name=LED3
Added Room: Name=PIC
Added Room: Name=POWER
Added Room: Name=TP2
