Change Component Parameter Description in U8 Old= New=Pic
Added Parameter Manufacturer=	ALCOSWITCH - TE CONNECTIVITY to Part Reset
Added Parameter Manufacturer=	MICROCHIP to Part U8
Added Parameter Manufacturer= to Part C2
Added Parameter Manufacturer= to Part C3
Added Parameter Manufacturer= to Part C4
Added Parameter Manufacturer= to Part C5
Added Parameter Manufacturer= to Part C8
Added Parameter Manufacturer= to Part C9
Added Parameter Manufacturer= to Part J1
Added Parameter Manufacturer= to Part R39
Added Parameter Manufacturer= to Part R40
Added Parameter Manufacturer= to Part Y1
Added Parameter Ref.Farnell=2449077 to Part U8
Added Parameter Ref.Farnell=	2468741 to Part Reset
Added Parameter Ref.Farnell= to Part C2
Added Parameter Ref.Farnell= to Part C3
Added Parameter Ref.Farnell= to Part C4
Added Parameter Ref.Farnell= to Part C5
Added Parameter Ref.Farnell= to Part C8
Added Parameter Ref.Farnell= to Part C9
Added Parameter Ref.Farnell= to Part J1
Added Parameter Ref.Farnell= to Part R39
Added Parameter Ref.Farnell= to Part R40
Added Parameter Ref.Farnell= to Part Y1
Added Parameter Ref.Manufacturer=	1437566-3 to Part Reset
Added Parameter Ref.Manufacturer=	PIC32MX170F256B-I/SO to Part U8
Added Parameter Ref.Manufacturer= to Part C2
Added Parameter Ref.Manufacturer= to Part C3
Added Parameter Ref.Manufacturer= to Part C4
Added Parameter Ref.Manufacturer= to Part C5
Added Parameter Ref.Manufacturer= to Part C8
Added Parameter Ref.Manufacturer= to Part C9
Added Parameter Ref.Manufacturer= to Part J1
Added Parameter Ref.Manufacturer= to Part R39
Added Parameter Ref.Manufacturer= to Part R40
Added Parameter Ref.Manufacturer= to Part Y1
Added Parameter Supplier=Farnell to Part C2
Added Parameter Supplier=Farnell to Part C3
Added Parameter Supplier=Farnell to Part C4
Added Parameter Supplier=Farnell to Part C5
Added Parameter Supplier=Farnell to Part C8
Added Parameter Supplier=Farnell to Part C9
Added Parameter Supplier=Farnell to Part J1
Added Parameter Supplier=Farnell to Part R39
Added Parameter Supplier=Farnell to Part R40
Added Parameter Supplier=Farnell to Part Reset
Added Parameter Supplier=Farnell to Part U8
Added Parameter Supplier=Farnell to Part Y1
