Added Component: Designator=C1(CAPC1608N)
Added Component: Designator=C2(CAPC1608N)
Added Component: Designator=C3(CAPC1608N)
Added Component: Designator=C4(CAPC1608N)
Added Component: Designator=C5(CAPC1608N)
Added Component: Designator=C6(CAPC1608N)
Added Component: Designator=C7(CAPC1608N)
Added Component: Designator=C8(CAPC1608N)
Added Component: Designator=C10(CAPC1608N)
Added Component: Designator=C14(CAPC1608N)
Added Component: Designator=C15(CAPC1608N)
Added Component: Designator=J1(RJ12_90)
Added Component: Designator=P1(PHOENIX_1985195)
Added Component: Designator=P2(PHOENIX_1985195)
Added Component: Designator=R1(PDB181-K415K-102A2)
Added Pin To Net: NetName=ALIM Pin=P1-1
Added Net: Name=ALIM
Added Pin To Net: NetName=BATTERY Pin=P2-1
Added Net: Name=BATTERY
Added Pin To Net: NetName=GND Pin=C1-1
Added Pin To Net: NetName=GND Pin=C2-1
Added Pin To Net: NetName=GND Pin=C3-1
Added Pin To Net: NetName=GND Pin=C4-1
Added Pin To Net: NetName=GND Pin=C5-1
Added Pin To Net: NetName=GND Pin=C6-1
Added Pin To Net: NetName=GND Pin=C7-1
Added Pin To Net: NetName=GND Pin=C8-1
Added Pin To Net: NetName=GND Pin=C10-1
Added Pin To Net: NetName=GND Pin=C14-1
Added Pin To Net: NetName=GND Pin=C15-1
Added Pin To Net: NetName=GND Pin=J1-3
Added Pin To Net: NetName=GND Pin=P1-2
Added Pin To Net: NetName=GND Pin=P2-2
Added Net: Name=GND
Added Net: Name=LED0
Added Net: Name=LED1
Added Net: Name=LED2
Added Net: Name=LED3
Added Pin To Net: NetName=MCLR Pin=J1-1
Added Net: Name=MCLR
Added Pin To Net: NetName=NetC9_2 Pin=C10-2
Added Net: Name=NetC9_2
Added Net: Name=NetD1_LED0_1
Added Net: Name=NetD1_LED1_1
Added Net: Name=NetD1_LED2_1
Added Net: Name=NetD1_LED3_1
Added Net: Name=NetD4_1
Added Pin To Net: NetName=NetR1_2 Pin=R1-2
Added Net: Name=NetR1_2
Added Pin To Net: NetName=PGC Pin=J1-5
Added Net: Name=PGC
Added Pin To Net: NetName=PGD Pin=J1-4
Added Net: Name=PGD
Added Pin To Net: NetName=V3P3A Pin=C6-2
Added Pin To Net: NetName=V3P3A Pin=C15-2
Added Pin To Net: NetName=V3P3A Pin=R1-1
Added Net: Name=V3P3A
Added Pin To Net: NetName=V3P3 Pin=C1-2
Added Pin To Net: NetName=V3P3 Pin=C2-2
Added Pin To Net: NetName=V3P3 Pin=C3-2
Added Pin To Net: NetName=V3P3 Pin=C4-2
Added Pin To Net: NetName=V3P3 Pin=C5-2
Added Pin To Net: NetName=V3P3 Pin=C14-2
Added Pin To Net: NetName=V3P3 Pin=J1-2
Added Net: Name=V3P3
Added Net: Name=V5
Added Pin To Net: NetName=VCC Pin=R1-3
Added Pin To Net: NetName=VCC Pin=R1-3
Added Net: Name=VCC
Added Pin To Net: NetName=X1 Pin=C7-2
Added Net: Name=X1
Added Pin To Net: NetName=X2 Pin=C8-2
Added Net: Name=X2
Added Class: Name=LED0
Added Class: Name=LED1
Added Class: Name=LED2
Added Class: Name=LED3
Added Class: Name=PIC
Added Class: Name=POWER
Added Class: Name=TP2
Added Class: Name=led
Added Room: Name=LED0
Added Room: Name=LED1
Added Room: Name=LED2
Added Room: Name=LED3
Added Room: Name=PIC
Added Room: Name=POWER
Added Room: Name=TP2
