Added Component: Designator=C1(CAPC1608N)
Added Component: Designator=C2(CAPC1608N)
Added Component: Designator=C3(CAPC1608N)
Added Component: Designator=C4(CAPC1608N)
Added Component: Designator=C5(CAPC1608N)
Added Component: Designator=C6(CAPC1608N)
Added Component: Designator=C7(CAPC1608N)
Added Component: Designator=C8(CAPC1608N)
Added Component: Designator=C10(CAPC1608N)
Added Component: Designator=J1(RJ12_90)
Added Component: Designator=P2(PHOENIX_1985195)
Added Pin To Net: NetName=GND Pin=C1-1
Added Pin To Net: NetName=V3P3 Pin=C1-2
Added Pin To Net: NetName=GND Pin=C2-1
Added Pin To Net: NetName=V3P3 Pin=C2-2
Added Pin To Net: NetName=GND Pin=C3-1
Added Pin To Net: NetName=V3P3 Pin=C3-2
Added Pin To Net: NetName=GND Pin=C4-1
Added Pin To Net: NetName=V3P3 Pin=C4-2
Added Pin To Net: NetName=GND Pin=C5-1
Added Pin To Net: NetName=V3P3 Pin=C5-2
Added Pin To Net: NetName=GND Pin=C6-1
Added Pin To Net: NetName=V3P3A Pin=C6-2
Added Pin To Net: NetName=GND Pin=C7-1
Added Pin To Net: NetName=X1 Pin=C7-2
Added Pin To Net: NetName=GND Pin=C8-1
Added Pin To Net: NetName=X2 Pin=C8-2
Added Pin To Net: NetName=GND Pin=C10-1
Added Pin To Net: NetName=NetC9_2 Pin=C10-2
Added Pin To Net: NetName=MCLR Pin=J1-1
Added Pin To Net: NetName=V3P3 Pin=J1-2
Added Pin To Net: NetName=GND Pin=J1-3
Added Pin To Net: NetName=PGD Pin=J1-4
Added Pin To Net: NetName=PGC Pin=J1-5
Added Pin To Net: NetName=BATTERY Pin=P2-1
Added Pin To Net: NetName=GND Pin=P2-2
Added Member To Class: ClassName=PIC Member=Component C1 100nF
Added Member To Class: ClassName=PIC Member=Component C2 100nF
Added Member To Class: ClassName=PIC Member=Component C3 100nF
Added Member To Class: ClassName=PIC Member=Component C4 100nF
Added Member To Class: ClassName=PIC Member=Component C5 100nF
Added Member To Class: ClassName=PIC Member=Component C6 100nF
Added Member To Class: ClassName=PIC Member=Component C7 20pF
Added Member To Class: ClassName=PIC Member=Component C8 20pF
Added Member To Class: ClassName=PIC Member=Component C10 1uF 6.3V
Added Member To Class: ClassName=PIC Member=Component J1 Program / Debug
Added Member To Class: ClassName=POWER Member=Component P2 12V Battery
Added Room: Name=POWER
