Added Component: Designator=R2_LED0(RESC1608N)
Added Component: Designator=R2_LED1(RESC1608N)
Added Component: Designator=R2_LED2(RESC1608N)
Added Component: Designator=R2_LED3(RESC1608N)
Added Component: Designator=R3(RESC1608N)
Added Component: Designator=R4(RESC1608N)
Added Pin To Net: NetName=NetD1_LED0_1 Pin=R2_LED0-1
Added Pin To Net: NetName=NetD1_LED1_1 Pin=R2_LED1-1
Added Pin To Net: NetName=NetD1_LED2_1 Pin=R2_LED2-1
Added Pin To Net: NetName=NetD1_LED3_1 Pin=R2_LED3-1
Added Pin To Net: NetName=MCLR Pin=R3-1
Added Pin To Net: NetName=V3P3 Pin=R3-2
Added Pin To Net: NetName=NetD4_1 Pin=R4-1
Added Pin To Net: NetName=V5 Pin=R4-2
Added Member To Class: ClassName=LED0 Member=Component R2_LED0 (R2) 330r
Added Member To Class: ClassName=LED1 Member=Component R2_LED1 (R2) 330r
Added Member To Class: ClassName=LED2 Member=Component R2_LED2 (R2) 330r
Added Member To Class: ClassName=LED3 Member=Component R2_LED3 (R2) 330r
Added Member To Class: ClassName=PIC Member=Component R3 4.7k
Added Member To Class: ClassName=POWER Member=Component R4 470r
