Change Component Parameter Description in B1 Old= New=Bargraph
Change Component Parameter Description in U1 Old= New=ShiftRegister
Change Component Parameter Description in U2 Old= New=ShiftRegister
Change Component Parameter Description in U3 Old= New=ShiftRegister
Added Parameter Manufacturer=	KINGBRIGHT to Part B1
Added Parameter Manufacturer=	TEXAS INSTRUMENTS to Part U1
Added Parameter Manufacturer=	TEXAS INSTRUMENTS to Part U2
Added Parameter Manufacturer=	TEXAS INSTRUMENTS to Part U3
Added Parameter Manufacturer= to Part R1
Added Parameter Manufacturer= to Part R2
Added Parameter Manufacturer= to Part R3
Added Parameter Manufacturer= to Part R4
Added Parameter Manufacturer= to Part R5
Added Parameter Manufacturer= to Part R6
Added Parameter Manufacturer= to Part R7
Added Parameter Manufacturer= to Part R8
Added Parameter Manufacturer= to Part R9
Added Parameter Manufacturer= to Part R10
Added Parameter Manufacturer= to Part R11
Added Parameter Manufacturer= to Part R12
Added Parameter Manufacturer= to Part R13
Added Parameter Manufacturer= to Part R14
Added Parameter Manufacturer= to Part R15
Added Parameter Manufacturer= to Part R16
Added Parameter Manufacturer= to Part R17
Added Parameter Manufacturer= to Part R18
Added Parameter Manufacturer= to Part R19
Added Parameter Manufacturer= to Part R20
Added Parameter Ref.Farnell=1607849 to Part U1
Added Parameter Ref.Farnell=1607849 to Part U2
Added Parameter Ref.Farnell=1607849 to Part U3
Added Parameter Ref.Farnell=	2290326 to Part B1
Added Parameter Ref.Farnell= to Part R1
Added Parameter Ref.Farnell= to Part R2
Added Parameter Ref.Farnell= to Part R3
Added Parameter Ref.Farnell= to Part R4
Added Parameter Ref.Farnell= to Part R5
Added Parameter Ref.Farnell= to Part R6
Added Parameter Ref.Farnell= to Part R7
Added Parameter Ref.Farnell= to Part R8
Added Parameter Ref.Farnell= to Part R9
Added Parameter Ref.Farnell= to Part R10
Added Parameter Ref.Farnell= to Part R11
Added Parameter Ref.Farnell= to Part R12
Added Parameter Ref.Farnell= to Part R13
Added Parameter Ref.Farnell= to Part R14
Added Parameter Ref.Farnell= to Part R15
Added Parameter Ref.Farnell= to Part R16
Added Parameter Ref.Farnell= to Part R17
Added Parameter Ref.Farnell= to Part R18
Added Parameter Ref.Farnell= to Part R19
Added Parameter Ref.Farnell= to Part R20
Added Parameter Ref.Manufacturer=	SN74HC595DR to Part U1
Added Parameter Ref.Manufacturer=	SN74HC595DR to Part U2
Added Parameter Ref.Manufacturer=	SN74HC595DR to Part U3
Added Parameter Ref.Manufacturer=DC-10EGWA to Part B1
Added Parameter Ref.Manufacturer= to Part R1
Added Parameter Ref.Manufacturer= to Part R2
Added Parameter Ref.Manufacturer= to Part R3
Added Parameter Ref.Manufacturer= to Part R4
Added Parameter Ref.Manufacturer= to Part R5
Added Parameter Ref.Manufacturer= to Part R6
Added Parameter Ref.Manufacturer= to Part R7
Added Parameter Ref.Manufacturer= to Part R8
Added Parameter Ref.Manufacturer= to Part R9
Added Parameter Ref.Manufacturer= to Part R10
Added Parameter Ref.Manufacturer= to Part R11
Added Parameter Ref.Manufacturer= to Part R12
Added Parameter Ref.Manufacturer= to Part R13
Added Parameter Ref.Manufacturer= to Part R14
Added Parameter Ref.Manufacturer= to Part R15
Added Parameter Ref.Manufacturer= to Part R16
Added Parameter Ref.Manufacturer= to Part R17
Added Parameter Ref.Manufacturer= to Part R18
Added Parameter Ref.Manufacturer= to Part R19
Added Parameter Ref.Manufacturer= to Part R20
Added Parameter Supplier=Farnell to Part B1
Added Parameter Supplier=Farnell to Part R1
Added Parameter Supplier=Farnell to Part R2
Added Parameter Supplier=Farnell to Part R3
Added Parameter Supplier=Farnell to Part R4
Added Parameter Supplier=Farnell to Part R5
Added Parameter Supplier=Farnell to Part R6
Added Parameter Supplier=Farnell to Part R7
Added Parameter Supplier=Farnell to Part R8
Added Parameter Supplier=Farnell to Part R9
Added Parameter Supplier=Farnell to Part R10
Added Parameter Supplier=Farnell to Part R11
Added Parameter Supplier=Farnell to Part R12
Added Parameter Supplier=Farnell to Part R13
Added Parameter Supplier=Farnell to Part R14
Added Parameter Supplier=Farnell to Part R15
Added Parameter Supplier=Farnell to Part R16
Added Parameter Supplier=Farnell to Part R17
Added Parameter Supplier=Farnell to Part R18
Added Parameter Supplier=Farnell to Part R19
Added Parameter Supplier=Farnell to Part R20
Added Parameter Supplier=Farnell to Part U1
Added Parameter Supplier=Farnell to Part U2
Added Parameter Supplier=Farnell to Part U3
