Remove Pin=ICSP-1 From Net=MCLR
Remove Pin=LCD1-4 From Net=LCD
Remove Pin=LCD1-6 From Net=LCD
Remove Pin=LCD1-7 From Net=LCD
Remove Pin=LCD1-8 From Net=LCD
Remove Pin=LCD1-9 From Net=LCD
Remove Pin=LCD1-10 From Net=LCD
Remove Pin=LCD1-11 From Net=LCD
Remove Pin=LCD1-12 From Net=LCD
Remove Pin=LCD1-13 From Net=LCD
Remove Pin=LCD1-14 From Net=LCD
Remove Pin=MPC1-1 From Net=LCD
Remove Pin=MPC1-2 From Net=LCD
Remove Pin=MPC1-3 From Net=LCD
Remove Pin=MPC1-4 From Net=LCD
Remove Pin=MPC1-5 From Net=LCD
Remove Pin=MPC1-6 From Net=LCD
Remove Pin=MPC1-7 From Net=LCD
Remove Pin=MPC1-8 From Net=LCD
Remove Pin=MPC1-21 From Net=ELECTRODE
Remove Pin=MPC1-22 From Net=ELECTRODE
Remove Pin=MPC1-23 From Net=ELECTRODE
Remove Pin=MPC1-24 From Net=ELECTRODE
Remove Pin=MPC1-25 From Net=ELECTRODE
Remove Pin=MPC1-26 From Net=LCD
Remove Pin=MPC1-27 From Net=LCD
Remove Pin=MPC1-28 From Net=LCD
Remove Pin=Nrf24L01-4 From Net=SPI
Remove Pin=Nrf24L01-5 From Net=SPI
Remove Pin=Nrf24L01-6 From Net=SPI
Remove Pin=Nrf24L01-7 From Net=SPI
Remove Pin=PIC32MX170F256B-3 From Net=RD
Remove Pin=PIC32MX170F256B-6 From Net=LED
Remove Pin=PIC32MX170F256B-7 From Net=LED
Remove Pin=PIC32MX170F256B-9 From Net=RD
Remove Pin=PIC32MX170F256B-10 From Net=RD
Remove Pin=PIC32MX170F256B-11 From Net=SOSCI
Remove Pin=PIC32MX170F256B-12 From Net=SOSCO
Remove Pin=PIC32MX170F256B-14 From Net=LED
Remove Pin=PIC32MX170F256B-17 From Net=I2C
Remove Pin=PIC32MX170F256B-18 From Net=I2C
Remove Pin=PIC32MX170F256B-22 From Net=SPI
Remove Pin=PIC32MX170F256B-24 From Net=SPI
Remove Pin=PIC32MX170F256B-25 From Net=SPI
Remove Pin=PIC32MX170F256B-26 From Net=SPI
Remove Pin=R21-2 From Net=LCD
Remove Pin=R22-2 From Net=LED
Remove Pin=R23-2 From Net=LED
Remove Pin=R24-2 From Net=LED
Remove Pin=R25-2 From Net=ELECTRODE
Remove Pin=R27-2 From Net=ELECTRODE
Remove Pin=R29-2 From Net=ELECTRODE
Remove Pin=R31-2 From Net=ELECTRODE
Remove Pin=R33-2 From Net=ELECTRODE
Remove Pin=SR0-14 From Net=RD
