Added Parameter Manufacturer=	BUCHANAN - TE CONNECTIVITY to Part P2
Added Parameter Manufacturer=	BUCHANAN - TE CONNECTIVITY to Part P3
Added Parameter Manufacturer=	BUCHANAN - TE CONNECTIVITY to Part P4
Added Parameter Manufacturer=	BUCHANAN - TE CONNECTIVITY to Part P5
Added Parameter Manufacturer=	BUCHANAN - TE CONNECTIVITY to Part P6
Added Parameter Manufacturer= to Part R25
Added Parameter Manufacturer= to Part R26
Added Parameter Manufacturer= to Part R27
Added Parameter Manufacturer= to Part R28
Added Parameter Manufacturer= to Part R29
Added Parameter Manufacturer= to Part R30
Added Parameter Manufacturer= to Part R31
Added Parameter Manufacturer= to Part R32
Added Parameter Manufacturer= to Part R33
Added Parameter Manufacturer= to Part R34
Added Parameter Ref.Farnell=	2112482 to Part P2
Added Parameter Ref.Farnell=	2112482 to Part P3
Added Parameter Ref.Farnell=	2112482 to Part P4
Added Parameter Ref.Farnell=	2112482 to Part P5
Added Parameter Ref.Farnell=	2112482 to Part P6
Added Parameter Ref.Farnell= to Part R25
Added Parameter Ref.Farnell= to Part R26
Added Parameter Ref.Farnell= to Part R27
Added Parameter Ref.Farnell= to Part R28
Added Parameter Ref.Farnell= to Part R29
Added Parameter Ref.Farnell= to Part R30
Added Parameter Ref.Farnell= to Part R31
Added Parameter Ref.Farnell= to Part R32
Added Parameter Ref.Farnell= to Part R33
Added Parameter Ref.Farnell= to Part R34
Added Parameter Ref.Manufacturer=	282834-2 to Part P2
Added Parameter Ref.Manufacturer=	282834-2 to Part P3
Added Parameter Ref.Manufacturer=	282834-2 to Part P4
Added Parameter Ref.Manufacturer=	282834-2 to Part P5
Added Parameter Ref.Manufacturer=	282834-2 to Part P6
Added Parameter Ref.Manufacturer= to Part R25
Added Parameter Ref.Manufacturer= to Part R26
Added Parameter Ref.Manufacturer= to Part R27
Added Parameter Ref.Manufacturer= to Part R28
Added Parameter Ref.Manufacturer= to Part R29
Added Parameter Ref.Manufacturer= to Part R30
Added Parameter Ref.Manufacturer= to Part R31
Added Parameter Ref.Manufacturer= to Part R32
Added Parameter Ref.Manufacturer= to Part R33
Added Parameter Ref.Manufacturer= to Part R34
Added Parameter Supplier=Farnell to Part P2
Added Parameter Supplier=Farnell to Part P3
Added Parameter Supplier=Farnell to Part P4
Added Parameter Supplier=Farnell to Part P5
Added Parameter Supplier=Farnell to Part P6
Added Parameter Supplier=Farnell to Part R25
Added Parameter Supplier=Farnell to Part R26
Added Parameter Supplier=Farnell to Part R27
Added Parameter Supplier=Farnell to Part R28
Added Parameter Supplier=Farnell to Part R29
Added Parameter Supplier=Farnell to Part R30
Added Parameter Supplier=Farnell to Part R31
Added Parameter Supplier=Farnell to Part R32
Added Parameter Supplier=Farnell to Part R33
Added Parameter Supplier=Farnell to Part R34
