Change Value of Parameter Supplier in Part Y1 Old= New=	MURATA
Change Value of Parameter Supplier in Part Y1 Old= New=	2688524
Change Value of Parameter Supplier in Part Y1 Old= New=	GRM188R71H104KA93J
Change Value of Parameter Supplier in Part Y1 Old= New=	MURATA
Change Value of Parameter Supplier in Part Y1 Old= New=	2688524
Change Value of Parameter Supplier in Part Y1 Old= New=	GRM188R71H104KA93J
Change Value of Parameter Supplier in Part Y1 Old= New=	MURATA
Change Value of Parameter Supplier in Part Y1 Old= New=	2688524
Change Value of Parameter Supplier in Part Y1 Old= New=	GRM188R71H104KA93J
Change Value of Parameter Supplier in Part Y1 Old= New=	MURATA
Change Value of Parameter Supplier in Part Y1 Old= New=	2611920
Change Value of Parameter Supplier in Part Y1 Old= New=	GRM188D71A106MA73D
Change Value of Parameter Supplier in Part Y1 Old= New=	MURATA
Change Value of Parameter Supplier in Part Y1 Old= New=	2695877
Change Value of Parameter Supplier in Part Y1 Old= New=	GRM1885C1H150JA01D
Change Value of Parameter Supplier in Part Y1 Old= New=	MURATA
Change Value of Parameter Supplier in Part Y1 Old= New=	2695877
Change Value of Parameter Supplier in Part Y1 Old= New=	GRM1885C1H150JA01D
Change Component Parameter Comment in R39 Old= New=10KO
Change Value of Parameter Supplier in Part Y1 Old= New=	MULTICOMP
Change Value of Parameter Supplier in Part Y1 Old= New=	9330399
Change Value of Parameter Supplier in Part Y1 Old= New=	MC0063W0603110K
Change Component Parameter Comment in R40 Old= New=1KO
Change Value of Parameter Supplier in Part Y1 Old= New=	MULTICOMP
Change Value of Parameter Supplier in Part Y1 Old= New=9330380
Change Value of Parameter Supplier in Part Y1 Old= New=	MC0063W060311K
